<?xml version="1.0" encoding="UTF-8"?>
<testng-results ignored="0" total="3" passed="3" failed="0" skipped="0">
  <reporter-output>
  </reporter-output>
  <suite started-at="2024-02-07T12:22:34 IST" name="Suite" finished-at="2024-02-07T12:24:49 IST" duration-ms="134752">
    <groups>
    </groups>
    <test started-at="2024-02-07T12:22:34 IST" name="Test1" finished-at="2024-02-07T12:24:49 IST" duration-ms="134752">
      <class name="testcase.TC3">
        <test-method is-config="true" signature="setup(java.lang.String,java.lang.String)[pri:0, instance:testcase.TC3@1a677343]" started-at="2024-02-07T12:24:12 IST" name="setup" finished-at="2024-02-07T12:24:34 IST" duration-ms="22034" status="PASS">
          <params>
            <param index="0">
              <value>
                <![CDATA[Windows]]>
              </value>
            </param>
            <param index="1">
              <value>
                <![CDATA[chrome]]>
              </value>
            </param>
          </params>
          <reporter-output>
          </reporter-output>
        </test-method> <!-- setup -->
        <test-method signature="thirdcase()[pri:2, instance:testcase.TC3@1a677343]" started-at="2024-02-07T12:24:34 IST" name="thirdcase" finished-at="2024-02-07T12:24:38 IST" duration-ms="3664" status="PASS">
          <reporter-output>
          </reporter-output>
        </test-method> <!-- thirdcase -->
        <test-method is-config="true" signature="teardown()[pri:0, instance:testcase.TC3@1a677343]" started-at="2024-02-07T12:24:38 IST" name="teardown" finished-at="2024-02-07T12:24:49 IST" duration-ms="10593" status="PASS">
          <reporter-output>
          </reporter-output>
        </test-method> <!-- teardown -->
      </class> <!-- testcase.TC3 -->
      <class name="testcase.TC2">
        <test-method is-config="true" signature="setup(java.lang.String,java.lang.String)[pri:0, instance:testcase.TC2@6ed3ccb2]" started-at="2024-02-07T12:23:37 IST" name="setup" finished-at="2024-02-07T12:23:45 IST" duration-ms="8351" status="PASS">
          <params>
            <param index="0">
              <value>
                <![CDATA[Windows]]>
              </value>
            </param>
            <param index="1">
              <value>
                <![CDATA[chrome]]>
              </value>
            </param>
          </params>
          <reporter-output>
          </reporter-output>
        </test-method> <!-- setup -->
        <test-method signature="secondcase()[pri:2, instance:testcase.TC2@6ed3ccb2]" started-at="2024-02-07T12:23:45 IST" name="secondcase" finished-at="2024-02-07T12:24:02 IST" duration-ms="16535" status="PASS">
          <reporter-output>
          </reporter-output>
        </test-method> <!-- secondcase -->
        <test-method is-config="true" signature="teardown()[pri:0, instance:testcase.TC2@6ed3ccb2]" started-at="2024-02-07T12:24:02 IST" name="teardown" finished-at="2024-02-07T12:24:12 IST" duration-ms="10649" status="PASS">
          <reporter-output>
          </reporter-output>
        </test-method> <!-- teardown -->
      </class> <!-- testcase.TC2 -->
      <class name="testcase.TC1">
        <test-method is-config="true" signature="setup(java.lang.String,java.lang.String)[pri:0, instance:testcase.TC1@9d5509a]" started-at="2024-02-07T12:22:34 IST" name="setup" finished-at="2024-02-07T12:23:10 IST" duration-ms="35867" status="PASS">
          <params>
            <param index="0">
              <value>
                <![CDATA[Windows]]>
              </value>
            </param>
            <param index="1">
              <value>
                <![CDATA[chrome]]>
              </value>
            </param>
          </params>
          <reporter-output>
          </reporter-output>
        </test-method> <!-- setup -->
        <test-method signature="makemytrip()[pri:1, instance:testcase.TC1@9d5509a]" started-at="2024-02-07T12:23:10 IST" name="makemytrip" finished-at="2024-02-07T12:23:26 IST" duration-ms="16163" status="PASS">
          <reporter-output>
          </reporter-output>
        </test-method> <!-- makemytrip -->
        <test-method is-config="true" signature="teardown()[pri:0, instance:testcase.TC1@9d5509a]" started-at="2024-02-07T12:23:26 IST" name="teardown" finished-at="2024-02-07T12:23:37 IST" duration-ms="10714" status="PASS">
          <reporter-output>
          </reporter-output>
        </test-method> <!-- teardown -->
      </class> <!-- testcase.TC1 -->
    </test> <!-- Test1 -->
  </suite> <!-- Suite -->
</testng-results>
